<?xml version="1.0" encoding="UTF-8"?>
<!-- Generated by org.testng.reporters.JUnitReportReporter -->
<testsuite hostname="DESKTOP-NJ2RPHU" failures="0" tests="1" name="org_ST.CreateOrg_ST" time="9.904" errors="0" timestamp="2024-06-24T17:56:22 IST" skipped="0">
  <testcase classname="org_ST.CreateOrg_ST" name="nameOrg" time="9.904"/>
</testsuite> <!-- org_ST.CreateOrg_ST -->
